<?xml version="1.0" encoding="UTF-8"?>
<!-- Generated by org.testng.reporters.JUnitXMLReporter -->
<testsuite ignored="1" hostname="PG02QJ2V" failures="1" tests="1" name="Default test(failed)" time="1.597" errors="0" timestamp="2022-07-25T14:32:42 IST">
  <testcase classname="executetests.LeadProcess" name="selectSFDropdownValue" time="0.0">
    <failure type="org.testng.TestNGException" message="
Cannot inject @Test annotated Method [selectSFDropdownValue] with [interface org.openqa.selenium.WebElement, class java.lang.String].
For more information on native dependency injection please refer to https://testng.org/doc/documentation-main.html#native-dependency-injection">
      <![CDATA[org.testng.TestNGException: 
Cannot inject @Test annotated Method [selectSFDropdownValue] with [interface org.openqa.selenium.WebElement, class java.lang.String].
For more information on native dependency injection please refer to https://testng.org/doc/documentation-main.html#native-dependency-injection
at java.base/java.util.ArrayList.forEach(ArrayList.java:1511)
... Removed 26 stack frames]]>
    </failure>
  </testcase> <!-- selectSFDropdownValue -->
  <testcase classname="executetests.LeadProcess" name="loginToSalesforce" time="0.0">
    <ignored/>
  </testcase> <!-- loginToSalesforce -->
</testsuite> <!-- Default test(failed) -->
